[30-Jun-2019 23:05:16] NOTICE: fpm is running, pid 16
[30-Jun-2019 23:05:16] NOTICE: ready to handle connections
[04-Jul-2019 19:44:17] NOTICE: fpm is running, pid 66
[04-Jul-2019 19:44:17] NOTICE: ready to handle connections
[13-Jul-2019 18:20:58] NOTICE: fpm is running, pid 60
[13-Jul-2019 18:20:58] NOTICE: ready to handle connections
[14-Jul-2019 02:15:51] NOTICE: Terminating ...
[14-Jul-2019 02:15:51] NOTICE: exiting, bye-bye!
[14-Jul-2019 02:15:57] NOTICE: fpm is running, pid 53
[14-Jul-2019 02:15:57] NOTICE: ready to handle connections
[14-Jul-2019 16:19:19] NOTICE: fpm is running, pid 60
[14-Jul-2019 16:19:19] NOTICE: ready to handle connections
[21-Jul-2019 02:06:33] NOTICE: Terminating ...
[21-Jul-2019 02:06:33] NOTICE: exiting, bye-bye!
[21-Jul-2019 02:07:04] NOTICE: fpm is running, pid 54
[21-Jul-2019 02:07:04] NOTICE: ready to handle connections
[21-Jul-2019 16:19:50] NOTICE: Terminating ...
[21-Jul-2019 16:19:50] NOTICE: exiting, bye-bye!
[21-Jul-2019 16:19:55] NOTICE: fpm is running, pid 54
[21-Jul-2019 16:19:55] NOTICE: ready to handle connections
[21-Jul-2019 17:41:33] NOTICE: Terminating ...
[21-Jul-2019 17:41:33] NOTICE: exiting, bye-bye!
[24-Jul-2019 02:13:05] NOTICE: fpm is running, pid 55
[24-Jul-2019 02:13:05] NOTICE: ready to handle connections
[24-Jul-2019 03:08:18] NOTICE: Terminating ...
[24-Jul-2019 03:08:18] NOTICE: exiting, bye-bye!
[24-Jul-2019 03:08:26] NOTICE: fpm is running, pid 54
[24-Jul-2019 03:08:26] NOTICE: ready to handle connections
[24-Jul-2019 06:48:27] NOTICE: Terminating ...
[24-Jul-2019 06:48:27] NOTICE: exiting, bye-bye!
[26-Jul-2019 02:21:40] NOTICE: fpm is running, pid 56
[26-Jul-2019 02:21:40] NOTICE: ready to handle connections
[27-Jul-2019 16:23:29] NOTICE: Terminating ...
[27-Jul-2019 16:23:29] NOTICE: exiting, bye-bye!
[27-Jul-2019 23:35:28] NOTICE: fpm is running, pid 58
[27-Jul-2019 23:35:28] NOTICE: ready to handle connections
[28-Jul-2019 00:08:37] NOTICE: Terminating ...
[28-Jul-2019 00:08:37] NOTICE: exiting, bye-bye!
[30-Jul-2019 01:44:58] NOTICE: fpm is running, pid 60
[30-Jul-2019 01:44:58] NOTICE: ready to handle connections
[31-Jul-2019 06:10:24] NOTICE: Terminating ...
[31-Jul-2019 06:10:24] NOTICE: exiting, bye-bye!
[01-Aug-2019 03:21:32] NOTICE: fpm is running, pid 56
[01-Aug-2019 03:21:32] NOTICE: ready to handle connections
[02-Aug-2019 16:28:09] NOTICE: fpm is running, pid 60
[02-Aug-2019 16:28:09] NOTICE: ready to handle connections
[05-Aug-2019 18:53:42] NOTICE: fpm is running, pid 60
[05-Aug-2019 18:53:42] NOTICE: ready to handle connections
[07-Aug-2019 00:44:27] NOTICE: Terminating ...
[07-Aug-2019 00:44:27] NOTICE: exiting, bye-bye!
[07-Aug-2019 00:49:58] NOTICE: fpm is running, pid 60
[07-Aug-2019 00:49:58] NOTICE: ready to handle connections
[07-Aug-2019 06:20:32] NOTICE: Terminating ...
[07-Aug-2019 06:20:32] NOTICE: exiting, bye-bye!
[07-Aug-2019 15:51:39] NOTICE: fpm is running, pid 52
[07-Aug-2019 15:51:39] NOTICE: ready to handle connections
[07-Aug-2019 17:44:00] NOTICE: fpm is running, pid 60
[07-Aug-2019 17:44:00] NOTICE: ready to handle connections
[08-Aug-2019 15:28:52] NOTICE: Terminating ...
[08-Aug-2019 15:28:52] NOTICE: exiting, bye-bye!
[08-Aug-2019 15:28:59] NOTICE: fpm is running, pid 55
[08-Aug-2019 15:28:59] NOTICE: ready to handle connections
[09-Aug-2019 04:42:05] NOTICE: fpm is running, pid 61
[09-Aug-2019 04:42:05] NOTICE: ready to handle connections
[09-Aug-2019 15:48:33] NOTICE: Terminating ...
[09-Aug-2019 15:48:33] NOTICE: exiting, bye-bye!
[09-Aug-2019 15:51:23] NOTICE: fpm is running, pid 55
[09-Aug-2019 15:51:23] NOTICE: ready to handle connections
[10-Aug-2019 03:11:48] NOTICE: Terminating ...
[10-Aug-2019 03:11:48] NOTICE: exiting, bye-bye!
[10-Aug-2019 17:01:12] NOTICE: fpm is running, pid 56
[10-Aug-2019 17:01:12] NOTICE: ready to handle connections
[11-Aug-2019 18:03:31] NOTICE: Terminating ...
[11-Aug-2019 18:03:31] NOTICE: exiting, bye-bye!
[11-Aug-2019 18:04:01] NOTICE: fpm is running, pid 53
[11-Aug-2019 18:04:01] NOTICE: ready to handle connections
[11-Aug-2019 23:06:29] NOTICE: Terminating ...
[11-Aug-2019 23:06:29] NOTICE: exiting, bye-bye!
[12-Aug-2019 04:16:01] NOTICE: fpm is running, pid 54
[12-Aug-2019 04:16:01] NOTICE: ready to handle connections
